<?xml version="1.0" encoding="UTF-8"?>
<testng-results ignored="0" total="4" passed="4" failed="0" skipped="0">
  <reporter-output>
  </reporter-output>
  <suite started-at="2021-03-15T11:25:22 IST" name="Default suite" finished-at="2021-03-15T11:30:59 IST" duration-ms="336989">
    <groups>
    </groups>
    <test started-at="2021-03-15T11:25:22 IST" name="Default test" finished-at="2021-03-15T11:30:59 IST" duration-ms="336989">
      <class name="avallainrelease.Avallainrele1">
        <test-method signature="login()[pri:1, instance:avallainrelease.Avallainrele1@6f27a732]" started-at="2021-03-15T11:25:22 IST" name="login" finished-at="2021-03-15T11:30:06 IST" duration-ms="283513" status="PASS">
          <reporter-output>
          </reporter-output>
        </test-method> <!-- login -->
        <test-method signature="dashboard()[pri:2, instance:avallainrelease.Avallainrele1@6f27a732]" started-at="2021-03-15T11:30:06 IST" name="dashboard" finished-at="2021-03-15T11:30:25 IST" duration-ms="19359" status="PASS">
          <reporter-output>
          </reporter-output>
        </test-method> <!-- dashboard -->
        <test-method signature="openactivity()[pri:3, instance:avallainrelease.Avallainrele1@6f27a732]" started-at="2021-03-15T11:30:25 IST" name="openactivity" finished-at="2021-03-15T11:30:40 IST" duration-ms="14999" status="PASS">
          <reporter-output>
          </reporter-output>
        </test-method> <!-- openactivity -->
        <test-method signature="Activity2()[pri:4, instance:avallainrelease.Avallainrele1@6f27a732]" started-at="2021-03-15T11:30:40 IST" name="Activity2" finished-at="2021-03-15T11:30:59 IST" duration-ms="19001" status="PASS">
          <reporter-output>
          </reporter-output>
        </test-method> <!-- Activity2 -->
      </class> <!-- avallainrelease.Avallainrele1 -->
    </test> <!-- Default test -->
  </suite> <!-- Default suite -->
</testng-results>
