<?xml version="1.0" encoding="UTF-8"?>
<!-- Generated by org.testng.reporters.JUnitXMLReporter -->
<testsuite ignored="0" hostname="LAPTOP-VVFFD6DA" failures="0" tests="4" name="Default test" time="317.969" errors="0" timestamp="2021-03-26T12:34:55 IST">
  <testcase classname="avallainrelease.Avallainrele1" name="login" time="240.495"/>
  <testcase classname="avallainrelease.Avallainrele1" name="dashboard" time="10.744"/>
  <testcase classname="avallainrelease.Avallainrele1" name="Activity1" time="47.353"/>
  <testcase classname="avallainrelease.Avallainrele1" name="Activity2" time="19.073"/>
</testsuite> <!-- Default test -->
