<?xml version="1.0" encoding="UTF-8"?>
<!-- Generated by org.testng.reporters.JUnitXMLReporter -->
<testsuite ignored="0" hostname="LAPTOP-VVFFD6DA" failures="0" tests="4" name="Default test" time="138.863" errors="0" timestamp="2021-03-18T11:32:30 IST">
  <testcase classname="avallainrelease.Avallainrele1" name="login" time="98.719"/>
  <testcase classname="avallainrelease.Avallainrele1" name="dashboard" time="7.393"/>
  <testcase classname="avallainrelease.Avallainrele1" name="openactivity" time="13.776"/>
  <testcase classname="avallainrelease.Avallainrele1" name="Activity2" time="18.868"/>
</testsuite> <!-- Default test -->
